[WARN] reset(): operation not supported
[INFO] Scanning for projects...
[INFO]                                                                         
[INFO] ------------------------------------------------------------------------
[INFO] Building Play! Framework 2.x Maven Test Projects : Play! 2.3.x : External Modules : SecureSocial : Scala 1.0.0-alpha9-SNAPSHOT
[INFO] ------------------------------------------------------------------------
[INFO] 
[INFO] --- play2-maven-plugin:1.0.0-alpha9-SNAPSHOT:routes-compile (default-routes-compile) @ scala ---
[INFO] 
[INFO] --- play2-maven-plugin:1.0.0-alpha9-SNAPSHOT:template-compile (default-template-compile) @ scala ---
[INFO] 3 templates processed, 0 compiled
[INFO] 
[INFO] --- maven-resources-plugin:2.7:resources (default-resources) @ scala ---
[INFO] Using 'UTF-8' encoding to copy filtered resources.
[INFO] Copying 4 resources
[INFO] Copying 11 resources to public
[INFO] 
[INFO] --- sbt-compiler-maven-plugin:1.0.0-beta5-SNAPSHOT:compile (default-compile) @ scala ---
[INFO] 
[INFO] --- play2-maven-plugin:1.0.0-alpha9-SNAPSHOT:enhance (default-enhance) @ scala ---
[INFO] No classes to enhance
[INFO] No templates to enhance
[INFO] 
[INFO] --- maven-resources-plugin:2.7:testResources (default-testResources) @ scala ---
[INFO] Using 'UTF-8' encoding to copy filtered resources.
[INFO] skip non existing resourceDirectory H:\play2-test-projects.tmp\play23\external-modules\securesocial\scala\src\test\resources
[INFO] 
[INFO] --- sbt-compiler-maven-plugin:1.0.0-beta5-SNAPSHOT:testCompile (default-testCompile) @ scala ---
[INFO] Compiling 2 Scala sources to H:\play2-test-projects.tmp\play23\external-modules\securesocial\scala\target\test-classes...
[ERROR] H:\play2-test-projects.tmp\play23\external-modules\securesocial\scala\test\ApplicationScenario.scala:3: object RunWith is not a member of package org.specs2.runner
[ERROR] import org.specs2.runner.RunWith
[ERROR]        ^
[ERROR] H:\play2-test-projects.tmp\play23\external-modules\securesocial\scala\test\ApplicationScenario.scala:4: object JUnitRunner is not a member of package org.junit.runner
[ERROR] import org.junit.runner.JUnitRunner
[ERROR]        ^
[ERROR] H:\play2-test-projects.tmp\play23\external-modules\securesocial\scala\test\ApplicationScenario.scala:6: not found: type RunWith
[ERROR] @RunWith(classOf[JUnitRunner])
[ERROR]  ^
[ERROR] H:\play2-test-projects.tmp\play23\external-modules\securesocial\scala\test\ApplicationSpec.scala:6: object testkit is not a member of package securesocial
[ERROR] import securesocial.testkit.WithLoggedUser
[ERROR]                     ^
[ERROR] H:\play2-test-projects.tmp\play23\external-modules\securesocial\scala\test\ApplicationSpec.scala:8: object RunWith is not a member of package org.specs2.runner
[ERROR] import org.specs2.runner.RunWith
[ERROR]        ^
[ERROR] H:\play2-test-projects.tmp\play23\external-modules\securesocial\scala\test\ApplicationSpec.scala:9: object JUnitRunner is not a member of package org.junit.runner
[ERROR] import org.junit.runner.JUnitRunner
[ERROR]        ^
[ERROR] H:\play2-test-projects.tmp\play23\external-modules\securesocial\scala\test\ApplicationSpec.scala:11: not found: type RunWith
[ERROR] @RunWith(classOf[JUnitRunner])
[ERROR]  ^
[ERROR] H:\play2-test-projects.tmp\play23\external-modules\securesocial\scala\test\ApplicationSpec.scala:13: not found: value WithLoggedUser
[ERROR]   import WithLoggedUser._
[ERROR]          ^
[ERROR] H:\play2-test-projects.tmp\play23\external-modules\securesocial\scala\test\ApplicationSpec.scala:14: not found: value includedPlugins
[ERROR]   def minimalApp = FakeApplication(withoutPlugins=excludedPlugins,additionalPlugins = includedPlugins)
[ERROR]                                                                                       ^
[ERROR] H:\play2-test-projects.tmp\play23\external-modules\securesocial\scala\test\ApplicationSpec.scala:14: not found: value excludedPlugins
[ERROR]   def minimalApp = FakeApplication(withoutPlugins=excludedPlugins,additionalPlugins = includedPlugins)
[ERROR]                                                   ^
[ERROR] H:\play2-test-projects.tmp\play23\external-modules\securesocial\scala\test\ApplicationSpec.scala:15: not found: type WithLoggedUser
[ERROR]   "Access secured index " in new WithLoggedUser(minimalApp) {
[ERROR]                                  ^
[ERROR] H:\play2-test-projects.tmp\play23\external-modules\securesocial\scala\test\ApplicationSpec.scala:21: not found: value Application
[ERROR]     val result = Application.index.apply(req)
[ERROR]                  ^
[ERROR] H:\play2-test-projects.tmp\play23\external-modules\securesocial\scala\test\ApplicationSpec.scala:19: not found: value cookie
[ERROR]       withCookies(cookie) // Fake cookie from the WithloggedUser trait
[ERROR]                   ^
[ERROR] 13 errors found
[INFO] ------------------------------------------------------------------------
[INFO] BUILD FAILURE
[INFO] ------------------------------------------------------------------------
[INFO] Total time: 18.000 s
[INFO] Finished at: 2014-10-29T13:52:45+01:00
[INFO] Final Memory: 17M/112M
[INFO] ------------------------------------------------------------------------
[ERROR] Failed to execute goal com.google.code.sbt-compiler-maven-plugin:sbt-compiler-maven-plugin:1.0.0-beta5-SNAPSHOT:testCompile (default-testCompile) on project scala: Scala compilation failed: CompileFailed -> [Help 1]
[ERROR] 
[ERROR] To see the full stack trace of the errors, re-run Maven with the -e switch.
[ERROR] Re-run Maven using the -X switch to enable full debug logging.
[ERROR] 
[ERROR] For more information about the errors and possible solutions, please read the following articles:
[ERROR] [Help 1] http://cwiki.apache.org/confluence/display/MAVEN/MojoFailureException
